Information: Using automatic min wire load selection group 'predcaps'. (ENV-003)
Information: Using automatic max wire load selection group 'predcaps'. (ENV-003)
Information: Using automatic min wire load selection group 'predcaps'. (ENV-003)
Information: Building multi voltage information for entire design. (MV-022)
Warning: Some timing arcs have been disabled for breaking timing loops or because of constant propagation. Use the 'report_disable_timing' command to get the list of these disabled timing arcs. (PTE-003)
Warning: An extrapolation exceeding 10% of the library characterization range has been detected. The delay calculation accuracy may be affected. for the cell timing arc, (saed14rvt_ff0p88v125c/SAEDRVT14_INV_0P5) ctl_u/U10/A-->X (min negative_unate) [fall slew = 0.148809, lib_range = [0.003 0.133](nS)] (RC-011)
Warning: An extrapolation exceeding 10% of the library characterization range has been detected. The delay calculation accuracy may be affected. for the cell timing arc, (saed14rvt_ff0p88v125c/SAEDRVT14_EO2_V1_0P75) ctl_u/U87/A2-->X (min positive_unate) [rise slew = 0.148809, lib_range = [0.003 0.133](nS)] (RC-011)
Warning: An extrapolation exceeding 10% of the library characterization range has been detected. The delay calculation accuracy may be affected. for the cell timing arc, (saed14rvt_ff0p88v125c/SAEDRVT14_EO2_V1_0P75) ctl_u/U87/A2-->X (min negative_unate) [fall slew = 0.148809, lib_range = [0.003 0.133](nS)] (RC-011)
Warning: An extrapolation exceeding 10% of the library characterization range has been detected. The delay calculation accuracy may be affected. for the cell timing arc, (saed14rvt_ff0p88v125c/SAEDRVT14_NR2_1) ctl_u/U68/A1-->X (min negative_unate) [fall slew = 0.155011, lib_range = [0.003 0.133](nS)] (RC-011)
Warning: An extrapolation exceeding 10% of the library characterization range has been detected. The delay calculation accuracy may be affected. for the cell timing arc, (saed14rvt_ff0p88v125c/SAEDRVT14_NR2_1) ctl_u/U68/A2-->X (min negative_unate) [fall slew = 0.148809, lib_range = [0.003 0.133](nS)] (RC-011)
Warning: An extrapolation exceeding 10% of the library characterization range has been detected. The delay calculation accuracy may be affected. for the cell timing arc, (saed14rvt_ff0p88v125c/SAEDRVT14_INV_PS_1) ctl_u/U89/A-->X (min negative_unate) [fall slew = 0.148809, lib_range = [0.003 0.133](nS)] (RC-011)
Warning: An extrapolation exceeding 80% of the library characterization range has been detected. The delay calculation accuracy may be affected. for the cell timing arc, (saed14rvt_ff0p88v125c/SAEDRVT14_AO22_0P5) pe_u/pe0/U15/A1-->X (max positive_unate) [r/f slew = 0.000546603/0.000547467, lib_range = [0.003 0.133]/[0.003 0.133] (nS)] (RC-011)
Warning: An extrapolation exceeding 80% of the library characterization range has been detected. The delay calculation accuracy may be affected. for the cell timing arc, (saed14rvt_ff0p88v125c/SAEDRVT14_AO22_0P5) pe_u/pe0/U22/A1-->X (min positive_unate) [r/f slew = 0.000564865/0.000557965, lib_range = [0.003 0.133]/[0.003 0.133] (nS)] (RC-011)
Warning: An extrapolation exceeding 80% of the library characterization range has been detected. The delay calculation accuracy may be affected. for the cell timing arc, (saed14rvt_ff0p88v125c/SAEDRVT14_AO22_0P5) pe_u/pe0/U21/A1-->X (min positive_unate) [r/f slew = 0.000566375/0.000558467, lib_range = [0.003 0.133]/[0.003 0.133] (nS)] (RC-011)
Warning: An extrapolation exceeding 80% of the library characterization range has been detected. The delay calculation accuracy may be affected. for the cell timing arc, (saed14rvt_ff0p88v125c/SAEDRVT14_AO22_0P5) pe_u/pe0/U22/A1-->X (min positive_unate) [r/f slew = 0.000564865/0.000557965, lib_range = [0.003 0.133]/[0.003 0.133] (nS)] (RC-011)
Warning: An extrapolation exceeding 80% of the library characterization range has been detected. The delay calculation accuracy may be affected. for the cell timing arc, (saed14rvt_ff0p88v125c/SAEDRVT14_AO22_0P5) pe_u/pe0/U15/A1-->X (min positive_unate) [r/f slew = 0.000506814/0.000500151, lib_range = [0.003 0.133]/[0.003 0.133] (nS)] (RC-011)
Warning: An extrapolation exceeding 80% of the library characterization range has been detected. The delay calculation accuracy may be affected. for the cell timing arc, (saed14rvt_ff0p88v125c/SAEDRVT14_AO22_0P5) pe_u/pe0/U22/A1-->X (min positive_unate) [r/f slew = 0.000564865/0.000557965, lib_range = [0.003 0.133]/[0.003 0.133] (nS)] (RC-011)
Warning: An extrapolation exceeding 80% of the library characterization range has been detected. The delay calculation accuracy may be affected. for the cell timing arc, (saed14rvt_ff0p88v125c/SAEDRVT14_AO22_0P5) pe_u/pe0/U15/A1-->X (max positive_unate) [r/f slew = 0.000546603/0.000547467, lib_range = [0.003 0.133]/[0.003 0.133] (nS)] (RC-011)
Warning: An extrapolation exceeding 80% of the library characterization range has been detected. The delay calculation accuracy may be affected. for the cell timing arc, (saed14rvt_ff0p88v125c/SAEDRVT14_AO22_0P5) pe_u/pe0/U21/A1-->X (min positive_unate) [r/f slew = 0.000566375/0.000558467, lib_range = [0.003 0.133]/[0.003 0.133] (nS)] (RC-011)
Warning: An extrapolation exceeding 80% of the library characterization range has been detected. The delay calculation accuracy may be affected. for the cell timing arc, (saed14rvt_ff0p88v125c/SAEDRVT14_AO22_0P5) pe_u/pe0/U20/A1-->X (min positive_unate) [r/f slew = 0.000561185/0.000553186, lib_range = [0.003 0.133]/[0.003 0.133] (nS)] (RC-011)
Warning: An extrapolation exceeding 80% of the library characterization range has been detected. The delay calculation accuracy may be affected. for the cell timing arc, (saed14rvt_ff0p88v125c/SAEDRVT14_AO22_0P5) pe_u/pe0/U21/A1-->X (min positive_unate) [r/f slew = 0.000566375/0.000558467, lib_range = [0.003 0.133]/[0.003 0.133] (nS)] (RC-011)
Warning: An extrapolation exceeding 80% of the library characterization range has been detected. The delay calculation accuracy may be affected. for the cell timing arc, (saed14rvt_ff0p88v125c/SAEDRVT14_AO22_0P5) pe_u/pe0/U15/A1-->X (min positive_unate) [r/f slew = 0.000506814/0.000500151, lib_range = [0.003 0.133]/[0.003 0.133] (nS)] (RC-011)
Warning: An extrapolation exceeding 80% of the library characterization range has been detected. The delay calculation accuracy may be affected. for the cell timing arc, (saed14rvt_ff0p88v125c/SAEDRVT14_AO22_0P5) pe_u/pe0/U20/A1-->X (min positive_unate) [r/f slew = 0.000561185/0.000553186, lib_range = [0.003 0.133]/[0.003 0.133] (nS)] (RC-011)
Warning: An extrapolation exceeding 80% of the library characterization range has been detected. The delay calculation accuracy may be affected. for the cell timing arc, (saed14rvt_ff0p88v125c/SAEDRVT14_AO22_0P5) pe_u/pe0/U15/A1-->X (max positive_unate) [r/f slew = 0.000546603/0.000547467, lib_range = [0.003 0.133]/[0.003 0.133] (nS)] (RC-011)
Warning: An extrapolation exceeding 80% of the library characterization range has been detected. The delay calculation accuracy may be affected. for the cell timing arc, (saed14rvt_ff0p88v125c/SAEDRVT14_AO22_0P5) pe_u/pe0/U20/A1-->X (min positive_unate) [r/f slew = 0.000561185/0.000553186, lib_range = [0.003 0.133]/[0.003 0.133] (nS)] (RC-011)
Warning: An extrapolation exceeding 80% of the library characterization range has been detected. The delay calculation accuracy may be affected. for the cell timing arc, (saed14rvt_ff0p88v125c/SAEDRVT14_AO22_0P5) pe_u/pe0/U15/A1-->X (min positive_unate) [r/f slew = 0.000506814/0.000500151, lib_range = [0.003 0.133]/[0.003 0.133] (nS)] (RC-011)
Warning: An extrapolation exceeding 10% of the library characterization range has been detected. The delay calculation accuracy may be affected. for the cell timing arc, (saed14rvt_ff0p88v125c/SAEDRVT14_AO21_U_0P5) ctl_u/U9/A1-->X (min positive_unate) [rise slew = 0.148809, lib_range = [0.003 0.133](nS)] (RC-011)
Warning: An extrapolation exceeding 10% of the library characterization range has been detected. The delay calculation accuracy may be affected. for the cell timing arc, (saed14rvt_ff0p88v125c/SAEDRVT14_AO21_U_0P5) ctl_u/U9/A2-->X (min positive_unate) [rise slew = 0.155011, lib_range = [0.003 0.133](nS)] (RC-011)
Warning: An extrapolation exceeding 10% of the library characterization range has been detected. The delay calculation accuracy may be affected. for the cell timing arc, (saed14rvt_ff0p88v125c/SAEDRVT14_ADDF_V1_0P5) ctl_u/add_123/U1_1/A-->S (min positive_unate) [rise slew = 0.155011, lib_range = [0.003 0.133](nS)] (RC-011)
Warning: An extrapolation exceeding 10% of the library characterization range has been detected. The delay calculation accuracy may be affected. for the cell timing arc, (saed14rvt_ff0p88v125c/SAEDRVT14_ADDF_V1_0P5) ctl_u/add_123/U1_1/A-->S (min positive_unate) [rise slew = 0.155011, lib_range = [0.003 0.133](nS)] (RC-011)
Warning: An extrapolation exceeding 10% of the library characterization range has been detected. The delay calculation accuracy may be affected. for the cell timing arc, (saed14rvt_ff0p88v125c/SAEDRVT14_ADDF_V1_0P5) ctl_u/add_123/U1_1/A-->S (min positive_unate) [rise slew = 0.155011, lib_range = [0.003 0.133](nS)] (RC-011)
Warning: An extrapolation exceeding 10% of the library characterization range has been detected. The delay calculation accuracy may be affected. for the cell timing arc, (saed14rvt_ff0p88v125c/SAEDRVT14_ADDF_V1_0P5) ctl_u/add_123/U1_1/A-->S (min negative_unate) [fall slew = 0.155011, lib_range = [0.003 0.133](nS)] (RC-011)
Warning: An extrapolation exceeding 10% of the library characterization range has been detected. The delay calculation accuracy may be affected. for the cell timing arc, (saed14rvt_ff0p88v125c/SAEDRVT14_ADDF_V1_0P5) ctl_u/add_123/U1_1/A-->S (min negative_unate) [fall slew = 0.155011, lib_range = [0.003 0.133](nS)] (RC-011)
Warning: An extrapolation exceeding 10% of the library characterization range has been detected. The delay calculation accuracy may be affected. for the cell timing arc, (saed14rvt_ff0p88v125c/SAEDRVT14_ADDF_V1_0P5) ctl_u/add_123/U1_1/A-->S (min negative_unate) [fall slew = 0.155011, lib_range = [0.003 0.133](nS)] (RC-011)
Warning: An extrapolation exceeding 10% of the library characterization range has been detected. The delay calculation accuracy may be affected. for the cell timing arc, (saed14rvt_ff0p88v125c/SAEDRVT14_ADDF_V1_0P5) ctl_u/add_123/U1_1/A-->CO (min positive_unate) [rise slew = 0.155011, lib_range = [0.003 0.133](nS)] (RC-011)
Warning: An extrapolation exceeding 10% of the library characterization range has been detected. The delay calculation accuracy may be affected. for the cell timing arc, (saed14rvt_ff0p88v125c/SAEDRVT14_ADDF_V1_0P5) ctl_u/add_123/U1_1/A-->CO (min positive_unate) [rise slew = 0.155011, lib_range = [0.003 0.133](nS)] (RC-011)
Warning: An extrapolation exceeding 10% of the library characterization range has been detected. The delay calculation accuracy may be affected. for the cell timing arc, (saed14rvt_ff0p88v125c/SAEDRVT14_ADDF_V1_0P5) ctl_u/add_123/U1_1/A-->CO (min positive_unate) [rise slew = 0.155011, lib_range = [0.003 0.133](nS)] (RC-011)
Warning: An extrapolation exceeding 80% of the library characterization range has been detected. The delay calculation accuracy may be affected. for the cell timing arc, (saed14hvt_ff0p88v125c/SAEDHVT14_NR2_MM_0P5) pe_u/pe0/sub_46/U2/A1-->X (max negative_unate) [r/f slew = 4.31842e-05/4.4295e-05, lib_range = [0.003 0.133]/[0.003 0.133] (nS)] (RC-011)
Warning: An extrapolation exceeding 80% of the library characterization range has been detected. The delay calculation accuracy may be affected. for the cell timing arc, (saed14hvt_ff0p88v125c/SAEDHVT14_NR2_MM_0P5) pe_u/pe0/sub_46/U2/A1-->X (min negative_unate) [r/f slew = 4.05171e-05/4.04674e-05, lib_range = [0.003 0.133]/[0.003 0.133] (nS)] (RC-011)
Warning: An extrapolation exceeding 80% of the library characterization range has been detected. The delay calculation accuracy may be affected. for the cell timing arc, (saed14rvt_ff0p88v125c/SAEDRVT14_EN2_0P5) pe_u/pe0/sub_46/U3/A2-->X (max positive_unate) [r/f slew = 4.42553e-05/4.31451e-05, lib_range = [0.003 0.133]/[0.003 0.133] (nS)] (RC-011)
Warning: An extrapolation exceeding 80% of the library characterization range has been detected. The delay calculation accuracy may be affected. for the cell timing arc, (saed14rvt_ff0p88v125c/SAEDRVT14_EN2_0P5) pe_u/pe0/sub_46/U3/A2-->X (min positive_unate) [r/f slew = 4.04288e-05/4.04788e-05, lib_range = [0.003 0.133]/[0.003 0.133] (nS)] (RC-011)
Warning: An extrapolation exceeding 80% of the library characterization range has been detected. The delay calculation accuracy may be affected. for the cell timing arc, (saed14rvt_ff0p88v125c/SAEDRVT14_EN2_0P5) pe_u/pe0/sub_46/U3/A2-->X (max negative_unate) [r/f slew = 4.31451e-05/4.42553e-05, lib_range = [0.003 0.133]/[0.003 0.133] (nS)] (RC-011)
Warning: An extrapolation exceeding 80% of the library characterization range has been detected. The delay calculation accuracy may be affected. for the cell timing arc, (saed14rvt_ff0p88v125c/SAEDRVT14_EN2_0P5) pe_u/pe0/sub_46/U3/A2-->X (min negative_unate) [r/f slew = 4.04788e-05/4.04288e-05, lib_range = [0.003 0.133]/[0.003 0.133] (nS)] (RC-011)
Warning: An extrapolation exceeding 10% of the library characterization range has been detected. The delay calculation accuracy may be affected. for the cell timing arc, (saed14rvt_ff0p88v125c/SAEDRVT14_ADDF_V1_0P5) ctl_u/add_123/U1_2/A-->S (max positive_unate) [fall slew = 0.197745, lib_range = [0.003 0.133](nS)] (RC-011)
Warning: An extrapolation exceeding 10% of the library characterization range has been detected. The delay calculation accuracy may be affected. for the cell timing arc, (saed14rvt_ff0p88v125c/SAEDRVT14_ADDF_V1_0P5) ctl_u/add_123/U1_2/A-->S (max positive_unate) [fall slew = 0.197745, lib_range = [0.003 0.133](nS)] (RC-011)
Warning: An extrapolation exceeding 10% of the library characterization range has been detected. The delay calculation accuracy may be affected. for the cell timing arc, (saed14rvt_ff0p88v125c/SAEDRVT14_ADDF_V1_0P5) ctl_u/add_123/U1_2/A-->S (max positive_unate) [fall slew = 0.197745, lib_range = [0.003 0.133](nS)] (RC-011)
Warning: An extrapolation exceeding 10% of the library characterization range has been detected. The delay calculation accuracy may be affected. for the cell timing arc, (saed14rvt_ff0p88v125c/SAEDRVT14_ADDF_V1_0P5) ctl_u/add_123/U1_2/A-->S (max negative_unate) [rise slew = 0.197745, lib_range = [0.003 0.133](nS)] (RC-011)
Warning: An extrapolation exceeding 10% of the library characterization range has been detected. The delay calculation accuracy may be affected. for the cell timing arc, (saed14rvt_ff0p88v125c/SAEDRVT14_ADDF_V1_0P5) ctl_u/add_123/U1_2/A-->S (max negative_unate) [rise slew = 0.197745, lib_range = [0.003 0.133](nS)] (RC-011)
Warning: An extrapolation exceeding 10% of the library characterization range has been detected. The delay calculation accuracy may be affected. for the cell timing arc, (saed14rvt_ff0p88v125c/SAEDRVT14_ADDF_V1_0P5) ctl_u/add_123/U1_2/A-->S (max negative_unate) [rise slew = 0.197745, lib_range = [0.003 0.133](nS)] (RC-011)
Warning: An extrapolation exceeding 80% of the library characterization range has been detected. The delay calculation accuracy may be affected. for the cell timing arc, (saed14rvt_ff0p88v125c/SAEDRVT14_AO22_0P75) pe_u/pe4/U15/A1-->X (max positive_unate) [r/f slew = 0.000517434/0.000518231, lib_range = [0.003 0.133]/[0.003 0.133] (nS)] (RC-011)
Warning: An extrapolation exceeding 80% of the library characterization range has been detected. The delay calculation accuracy may be affected. for the cell timing arc, (saed14rvt_ff0p88v125c/SAEDRVT14_AO22_0P75) pe_u/pe4/U15/A1-->X (min positive_unate) [r/f slew = 0.00048067/0.000474506, lib_range = [0.003 0.133]/[0.003 0.133] (nS)] (RC-011)
Warning: An extrapolation exceeding 80% of the library characterization range has been detected. The delay calculation accuracy may be affected. for the cell timing arc, (saed14rvt_ff0p88v125c/SAEDRVT14_AO22_0P75) pe_u/pe4/U15/A1-->X (max positive_unate) [r/f slew = 0.000517434/0.000518231, lib_range = [0.003 0.133]/[0.003 0.133] (nS)] (RC-011)
Warning: An extrapolation exceeding 80% of the library characterization range has been detected. The delay calculation accuracy may be affected. for the cell timing arc, (saed14rvt_ff0p88v125c/SAEDRVT14_AO22_0P75) pe_u/pe4/U22/A1-->X (max positive_unate) [r/f slew = 0.000493921/0.000494622, lib_range = [0.003 0.133]/[0.003 0.133] (nS)] (RC-011)
Warning: An extrapolation exceeding 80% of the library characterization range has been detected. The delay calculation accuracy may be affected. for the cell timing arc, (saed14rvt_ff0p88v125c/SAEDRVT14_AO22_0P75) pe_u/pe4/U22/A1-->X (min positive_unate) [r/f slew = 0.00046162/0.000456206, lib_range = [0.003 0.133]/[0.003 0.133] (nS)] (RC-011)
Warning: An extrapolation exceeding 80% of the library characterization range has been detected. The delay calculation accuracy may be affected. for the cell timing arc, (saed14rvt_ff0p88v125c/SAEDRVT14_AO22_0P75) pe_u/pe4/U15/A1-->X (min positive_unate) [r/f slew = 0.00048067/0.000474506, lib_range = [0.003 0.133]/[0.003 0.133] (nS)] (RC-011)
Warning: An extrapolation exceeding 80% of the library characterization range has been detected. The delay calculation accuracy may be affected. for the cell timing arc, (saed14rvt_ff0p88v125c/SAEDRVT14_AO22_0P75) pe_u/pe4/U22/A1-->X (max positive_unate) [r/f slew = 0.000493921/0.000494622, lib_range = [0.003 0.133]/[0.003 0.133] (nS)] (RC-011)
Warning: An extrapolation exceeding 80% of the library characterization range has been detected. The delay calculation accuracy may be affected. for the cell timing arc, (saed14rvt_ff0p88v125c/SAEDRVT14_AO22_0P75) pe_u/pe4/U22/A1-->X (min positive_unate) [r/f slew = 0.00046162/0.000456206, lib_range = [0.003 0.133]/[0.003 0.133] (nS)] (RC-011)
Warning: An extrapolation exceeding 80% of the library characterization range has been detected. The delay calculation accuracy may be affected. for the cell timing arc, (saed14rvt_ff0p88v125c/SAEDRVT14_AO22_0P75) pe_u/pe4/U15/A1-->X (max positive_unate) [r/f slew = 0.000517434/0.000518231, lib_range = [0.003 0.133]/[0.003 0.133] (nS)] (RC-011)
Warning: An extrapolation exceeding 80% of the library characterization range has been detected. The delay calculation accuracy may be affected. for the cell timing arc, (saed14rvt_ff0p88v125c/SAEDRVT14_AO22_0P75) pe_u/pe4/U22/A1-->X (max positive_unate) [r/f slew = 0.000493921/0.000494622, lib_range = [0.003 0.133]/[0.003 0.133] (nS)] (RC-011)
Warning: An extrapolation exceeding 80% of the library characterization range has been detected. The delay calculation accuracy may be affected. for the cell timing arc, (saed14rvt_ff0p88v125c/SAEDRVT14_AO22_0P75) pe_u/pe4/U15/A1-->X (min positive_unate) [r/f slew = 0.00048067/0.000474506, lib_range = [0.003 0.133]/[0.003 0.133] (nS)] (RC-011)
Warning: An extrapolation exceeding 80% of the library characterization range has been detected. The delay calculation accuracy may be affected. for the cell timing arc, (saed14rvt_ff0p88v125c/SAEDRVT14_AO22_0P75) pe_u/pe4/U22/A1-->X (min positive_unate) [r/f slew = 0.00046162/0.000456206, lib_range = [0.003 0.133]/[0.003 0.133] (nS)] (RC-011)
Warning: An extrapolation exceeding 80% of the library characterization range has been detected. The delay calculation accuracy may be affected. for the cell timing arc, (saed14rvt_ff0p88v125c/SAEDRVT14_AO22_0P75) pe_u/pe4/U15/A1-->X (max positive_unate) [r/f slew = 0.000517434/0.000518231, lib_range = [0.003 0.133]/[0.003 0.133] (nS)] (RC-011)
Warning: An extrapolation exceeding 80% of the library characterization range has been detected. The delay calculation accuracy may be affected. for the cell timing arc, (saed14rvt_ff0p88v125c/SAEDRVT14_AO22_0P75) pe_u/pe4/U22/A1-->X (max positive_unate) [r/f slew = 0.000493921/0.000494622, lib_range = [0.003 0.133]/[0.003 0.133] (nS)] (RC-011)
Warning: An extrapolation exceeding 80% of the library characterization range has been detected. The delay calculation accuracy may be affected. for the cell timing arc, (saed14rvt_ff0p88v125c/SAEDRVT14_AO22_0P75) pe_u/pe4/U21/A1-->X (min positive_unate) [r/f slew = 0.000582665/0.000574476, lib_range = [0.003 0.133]/[0.003 0.133] (nS)] (RC-011)
Warning: An extrapolation exceeding 80% of the library characterization range has been detected. The delay calculation accuracy may be affected. for the cell timing arc, (saed14rvt_ff0p88v125c/SAEDRVT14_AO22_0P75) pe_u/pe4/U22/A1-->X (min positive_unate) [r/f slew = 0.00046162/0.000456206, lib_range = [0.003 0.133]/[0.003 0.133] (nS)] (RC-011)
Warning: An extrapolation exceeding 80% of the library characterization range has been detected. The delay calculation accuracy may be affected. for the cell timing arc, (saed14rvt_ff0p88v125c/SAEDRVT14_AO22_0P75) pe_u/pe4/U15/A1-->X (min positive_unate) [r/f slew = 0.00048067/0.000474506, lib_range = [0.003 0.133]/[0.003 0.133] (nS)] (RC-011)
Warning: An extrapolation exceeding 80% of the library characterization range has been detected. The delay calculation accuracy may be affected. for the cell timing arc, (saed14rvt_ff0p88v125c/SAEDRVT14_AO22_0P75) pe_u/pe4/U21/A1-->X (min positive_unate) [r/f slew = 0.000582665/0.000574476, lib_range = [0.003 0.133]/[0.003 0.133] (nS)] (RC-011)
Warning: An extrapolation exceeding 80% of the library characterization range has been detected. The delay calculation accuracy may be affected. for the cell timing arc, (saed14rvt_ff0p88v125c/SAEDRVT14_AO22_0P75) pe_u/pe4/U21/A1-->X (min positive_unate) [r/f slew = 0.000582665/0.000574476, lib_range = [0.003 0.133]/[0.003 0.133] (nS)] (RC-011)
Warning: An extrapolation exceeding 80% of the library characterization range has been detected. The delay calculation accuracy may be affected. for the cell timing arc, (saed14rvt_ff0p88v125c/SAEDRVT14_AO22_0P75) pe_u/pe4/U21/A1-->X (min positive_unate) [r/f slew = 0.000582665/0.000574476, lib_range = [0.003 0.133]/[0.003 0.133] (nS)] (RC-011)
Warning: An extrapolation exceeding 10% of the library characterization range has been detected. The delay calculation accuracy may be affected. for the cell timing arc, (saed14rvt_ff0p88v125c/SAEDRVT14_ADDF_V1_0P5) ctl_u/add_123/U1_2/A-->CO (max positive_unate) [fall slew = 0.197745, lib_range = [0.003 0.133](nS)] (RC-011)
Warning: An extrapolation exceeding 10% of the library characterization range has been detected. The delay calculation accuracy may be affected. for the cell timing arc, (saed14rvt_ff0p88v125c/SAEDRVT14_ADDF_V1_0P5) ctl_u/add_123/U1_2/A-->CO (max positive_unate) [fall slew = 0.197745, lib_range = [0.003 0.133](nS)] (RC-011)
Warning: An extrapolation exceeding 10% of the library characterization range has been detected. The delay calculation accuracy may be affected. for the cell timing arc, (saed14rvt_ff0p88v125c/SAEDRVT14_ADDF_V1_0P5) ctl_u/add_123/U1_2/A-->CO (max positive_unate) [fall slew = 0.197745, lib_range = [0.003 0.133](nS)] (RC-011)
Warning: An extrapolation exceeding 10% of the library characterization range has been detected. The delay calculation accuracy may be affected. for the cell timing arc, (saed14hvt_ff0p88v125c/SAEDHVT14_ND2_MM_0P5) pe_u/pe0/add_52/ctmTdsLR_2_2614/A1-->X (max negative_unate) [fall slew = 0.192058, lib_range = [0.003 0.133](nS)] (RC-011)
Warning: An extrapolation exceeding 10% of the library characterization range has been detected. The delay calculation accuracy may be affected. for the cell timing arc, (saed14rvt_ff0p88v125c/SAEDRVT14_EO2_V1_0P75) pe_u/pe0/add_52/U4/A2-->X (max positive_unate) [rise slew = 0.192058, lib_range = [0.003 0.133](nS)] (RC-011)
Warning: An extrapolation exceeding 10% of the library characterization range has been detected. The delay calculation accuracy may be affected. for the cell timing arc, (saed14rvt_ff0p88v125c/SAEDRVT14_EO2_V1_0P75) pe_u/pe0/add_52/U4/A2-->X (max negative_unate) [fall slew = 0.192058, lib_range = [0.003 0.133](nS)] (RC-011)
Warning: An extrapolation exceeding 80% of the library characterization range has been detected. The delay calculation accuracy may be affected. for the cell timing arc, (saed14rvt_ff0p88v125c/SAEDRVT14_AO22_0P75) pe_u/pe5/U15/A1-->X (max positive_unate) [r/f slew = 0.000500371/0.000501085, lib_range = [0.003 0.133]/[0.003 0.133] (nS)] (RC-011)
Warning: An extrapolation exceeding 80% of the library characterization range has been detected. The delay calculation accuracy may be affected. for the cell timing arc, (saed14rvt_ff0p88v125c/SAEDRVT14_AO22_0P75) pe_u/pe5/U15/A1-->X (min positive_unate) [r/f slew = 0.000467481/0.000461968, lib_range = [0.003 0.133]/[0.003 0.133] (nS)] (RC-011)
Warning: An extrapolation exceeding 80% of the library characterization range has been detected. The delay calculation accuracy may be affected. for the cell timing arc, (saed14rvt_ff0p88v125c/SAEDRVT14_AO22_0P75) pe_u/pe5/U15/A1-->X (max positive_unate) [r/f slew = 0.000500371/0.000501085, lib_range = [0.003 0.133]/[0.003 0.133] (nS)] (RC-011)
Warning: An extrapolation exceeding 80% of the library characterization range has been detected. The delay calculation accuracy may be affected. for the cell timing arc, (saed14rvt_ff0p88v125c/SAEDRVT14_AO22_0P75) pe_u/pe5/U15/A1-->X (min positive_unate) [r/f slew = 0.000467481/0.000461968, lib_range = [0.003 0.133]/[0.003 0.133] (nS)] (RC-011)
Warning: An extrapolation exceeding 80% of the library characterization range has been detected. The delay calculation accuracy may be affected. for the cell timing arc, (saed14rvt_ff0p88v125c/SAEDRVT14_AO22_0P75) pe_u/pe5/U15/A1-->X (max positive_unate) [r/f slew = 0.000500371/0.000501085, lib_range = [0.003 0.133]/[0.003 0.133] (nS)] (RC-011)
Warning: An extrapolation exceeding 80% of the library characterization range has been detected. The delay calculation accuracy may be affected. for the cell timing arc, (saed14rvt_ff0p88v125c/SAEDRVT14_AO22_0P75) pe_u/pe5/U15/A1-->X (min positive_unate) [r/f slew = 0.000467481/0.000461968, lib_range = [0.003 0.133]/[0.003 0.133] (nS)] (RC-011)
Warning: An extrapolation exceeding 80% of the library characterization range has been detected. The delay calculation accuracy may be affected. for the cell timing arc, (saed14rvt_ff0p88v125c/SAEDRVT14_AO22_0P75) pe_u/pe5/U15/A1-->X (max positive_unate) [r/f slew = 0.000500371/0.000501085, lib_range = [0.003 0.133]/[0.003 0.133] (nS)] (RC-011)
Warning: An extrapolation exceeding 80% of the library characterization range has been detected. The delay calculation accuracy may be affected. for the cell timing arc, (saed14rvt_ff0p88v125c/SAEDRVT14_AO22_0P75) pe_u/pe5/U15/A1-->X (min positive_unate) [r/f slew = 0.000467481/0.000461968, lib_range = [0.003 0.133]/[0.003 0.133] (nS)] (RC-011)
Warning: An extrapolation exceeding 80% of the library characterization range has been detected. The delay calculation accuracy may be affected. for the cell timing arc, (saed14rvt_ff0p88v125c/SAEDRVT14_ADDF_V1_0P5) pe_u/pe0/sub_46/U2_1/A-->S (max positive_unate) [r/f slew = 2.25697e-05/2.20548e-05, lib_range = [0.003 0.133]/[0.003 0.133] (nS)] (RC-011)
Warning: An extrapolation exceeding 80% of the library characterization range has been detected. The delay calculation accuracy may be affected. for the cell timing arc, (saed14rvt_ff0p88v125c/SAEDRVT14_ADDF_V1_0P5) pe_u/pe0/sub_46/U2_1/A-->CO (max positive_unate) [r/f slew = 2.25697e-05/2.20548e-05, lib_range = [0.003 0.133]/[0.003 0.133] (nS)] (RC-011)
Warning: An extrapolation exceeding 80% of the library characterization range has been detected. The delay calculation accuracy may be affected. for the cell timing arc, (saed14rvt_ff0p88v125c/SAEDRVT14_ADDF_V1_0P5) pe_u/pe0/sub_46/U2_1/A-->S (min positive_unate) [r/f slew = 2.15212e-05/2.10712e-05, lib_range = [0.003 0.133]/[0.003 0.133] (nS)] (RC-011)
Warning: An extrapolation exceeding 80% of the library characterization range has been detected. The delay calculation accuracy may be affected. for the cell timing arc, (saed14rvt_ff0p88v125c/SAEDRVT14_ADDF_V1_0P5) pe_u/pe0/sub_46/U2_1/A-->S (max positive_unate) [r/f slew = 2.25697e-05/2.20548e-05, lib_range = [0.003 0.133]/[0.003 0.133] (nS)] (RC-011)
Warning: An extrapolation exceeding 80% of the library characterization range has been detected. The delay calculation accuracy may be affected. for the cell timing arc, (saed14rvt_ff0p88v125c/SAEDRVT14_ADDF_V1_0P5) pe_u/pe0/sub_46/U2_1/A-->CO (min positive_unate) [r/f slew = 2.15212e-05/2.10712e-05, lib_range = [0.003 0.133]/[0.003 0.133] (nS)] (RC-011)
Warning: An extrapolation exceeding 80% of the library characterization range has been detected. The delay calculation accuracy may be affected. for the cell timing arc, (saed14rvt_ff0p88v125c/SAEDRVT14_ADDF_V1_0P5) pe_u/pe0/sub_46/U2_1/A-->S (min positive_unate) [r/f slew = 2.15212e-05/2.10712e-05, lib_range = [0.003 0.133]/[0.003 0.133] (nS)] (RC-011)
Warning: An extrapolation exceeding 80% of the library characterization range has been detected. The delay calculation accuracy may be affected. for the cell timing arc, (saed14rvt_ff0p88v125c/SAEDRVT14_ADDF_V1_0P5) pe_u/pe0/sub_46/U2_1/A-->CO (max positive_unate) [r/f slew = 2.25697e-05/2.20548e-05, lib_range = [0.003 0.133]/[0.003 0.133] (nS)] (RC-011)
Warning: An extrapolation exceeding 80% of the library characterization range has been detected. The delay calculation accuracy may be affected. for the cell timing arc, (saed14rvt_ff0p88v125c/SAEDRVT14_ADDF_V1_0P5) pe_u/pe0/sub_46/U2_1/A-->S (max positive_unate) [r/f slew = 2.25697e-05/2.20548e-05, lib_range = [0.003 0.133]/[0.003 0.133] (nS)] (RC-011)
Warning: An extrapolation exceeding 80% of the library characterization range has been detected. The delay calculation accuracy may be affected. for the cell timing arc, (saed14rvt_ff0p88v125c/SAEDRVT14_ADDF_V1_0P5) pe_u/pe0/sub_46/U2_1/A-->CO (min positive_unate) [r/f slew = 2.15212e-05/2.10712e-05, lib_range = [0.003 0.133]/[0.003 0.133] (nS)] (RC-011)
Warning: An extrapolation exceeding 80% of the library characterization range has been detected. The delay calculation accuracy may be affected. for the cell timing arc, (saed14rvt_ff0p88v125c/SAEDRVT14_ADDF_V1_0P5) pe_u/pe0/sub_46/U2_1/A-->S (min positive_unate) [r/f slew = 2.15212e-05/2.10712e-05, lib_range = [0.003 0.133]/[0.003 0.133] (nS)] (RC-011)
Warning: An extrapolation exceeding 80% of the library characterization range has been detected. The delay calculation accuracy may be affected. for the cell timing arc, (saed14rvt_ff0p88v125c/SAEDRVT14_ADDF_V1_0P5) pe_u/pe0/sub_46/U2_1/A-->CO (max positive_unate) [r/f slew = 2.25697e-05/2.20548e-05, lib_range = [0.003 0.133]/[0.003 0.133] (nS)] (RC-011)
Warning: An extrapolation exceeding 80% of the library characterization range has been detected. The delay calculation accuracy may be affected. for the cell timing arc, (saed14rvt_ff0p88v125c/SAEDRVT14_ADDF_V1_0P5) pe_u/pe0/sub_46/U2_1/A-->S (max negative_unate) [r/f slew = 2.20548e-05/2.25697e-05, lib_range = [0.003 0.133]/[0.003 0.133] (nS)] (RC-011)
Warning: An extrapolation exceeding 80% of the library characterization range has been detected. The delay calculation accuracy may be affected. for the cell timing arc, (saed14rvt_ff0p88v125c/SAEDRVT14_ADDF_V1_0P5) pe_u/pe0/sub_46/U2_1/A-->CO (min positive_unate) [r/f slew = 2.15212e-05/2.10712e-05, lib_range = [0.003 0.133]/[0.003 0.133] (nS)] (RC-011)
Warning: An extrapolation exceeding 80% of the library characterization range has been detected. The delay calculation accuracy may be affected. for the cell timing arc, (saed14rvt_ff0p88v125c/SAEDRVT14_ADDF_V1_0P5) pe_u/pe0/sub_46/U2_1/A-->S (min negative_unate) [r/f slew = 2.10712e-05/2.15212e-05, lib_range = [0.003 0.133]/[0.003 0.133] (nS)] (RC-011)
Warning: An extrapolation exceeding 80% of the library characterization range has been detected. The delay calculation accuracy may be affected. for the cell timing arc, (saed14rvt_ff0p88v125c/SAEDRVT14_ADDF_V1_0P5) pe_u/pe0/sub_46/U2_1/A-->S (max negative_unate) [r/f slew = 2.20548e-05/2.25697e-05, lib_range = [0.003 0.133]/[0.003 0.133] (nS)] (RC-011)
Warning: An extrapolation exceeding 80% of the library characterization range has been detected. The delay calculation accuracy may be affected. for the cell timing arc, (saed14rvt_ff0p88v125c/SAEDRVT14_ADDF_V1_0P5) pe_u/pe0/sub_46/U2_1/A-->S (min negative_unate) [r/f slew = 2.10712e-05/2.15212e-05, lib_range = [0.003 0.133]/[0.003 0.133] (nS)] (RC-011)
Warning: An extrapolation exceeding 80% of the library characterization range has been detected. The delay calculation accuracy may be affected. for the cell timing arc, (saed14rvt_ff0p88v125c/SAEDRVT14_ADDF_V1_0P5) pe_u/pe0/sub_46/U2_1/A-->S (max negative_unate) [r/f slew = 2.20548e-05/2.25697e-05, lib_range = [0.003 0.133]/[0.003 0.133] (nS)] (RC-011)
Warning: An extrapolation exceeding 80% of the library characterization range has been detected. The delay calculation accuracy may be affected. for the cell timing arc, (saed14rvt_ff0p88v125c/SAEDRVT14_ADDF_V1_0P5) pe_u/pe0/sub_46/U2_1/A-->S (min negative_unate) [r/f slew = 2.10712e-05/2.15212e-05, lib_range = [0.003 0.133]/[0.003 0.133] (nS)] (RC-011)
Warning: An extrapolation exceeding 80% of the library characterization range has been detected. The delay calculation accuracy may be affected. for the cell timing arc, (saed14rvt_ff0p88v125c/SAEDRVT14_AO22_0P75) pe_u/pe3/U15/A1-->X (max positive_unate) [r/f slew = 0.000541533/0.0005424, lib_range = [0.003 0.133]/[0.003 0.133] (nS)] (RC-011)
Warning: An extrapolation exceeding 80% of the library characterization range has been detected. The delay calculation accuracy may be affected. for the cell timing arc, (saed14rvt_ff0p88v125c/SAEDRVT14_AO22_0P75) pe_u/pe3/U15/A1-->X (min positive_unate) [r/f slew = 0.000501567/0.00049487, lib_range = [0.003 0.133]/[0.003 0.133] (nS)] (RC-011)
Warning: An extrapolation exceeding 80% of the library characterization range has been detected. The delay calculation accuracy may be affected. for the cell timing arc, (saed14rvt_ff0p88v125c/SAEDRVT14_AO22_0P75) pe_u/pe3/U15/A1-->X (max positive_unate) [r/f slew = 0.000541533/0.0005424, lib_range = [0.003 0.133]/[0.003 0.133] (nS)] (RC-011)
Warning: An extrapolation exceeding 80% of the library characterization range has been detected. The delay calculation accuracy may be affected. for the cell timing arc, (saed14rvt_ff0p88v125c/SAEDRVT14_AO22_0P75) pe_u/pe3/U15/A1-->X (min positive_unate) [r/f slew = 0.000501567/0.00049487, lib_range = [0.003 0.133]/[0.003 0.133] (nS)] (RC-011)
****************************************
Report : timing
	-path_type full
	-delay_type min
	-max_paths 1
	-sort_by slack
Design : top
Version: S-2021.06-SP4
Date   : Wed Dec 10 13:05:06 2025
****************************************


  Startpoint: pe_u/pe12/Rpipe_reg[7]
               (rising edge-triggered flip-flop clocked by ideal_clock1)
  Endpoint: pe_u/pe13/Rpipe_reg[7]
               (rising edge-triggered flip-flop clocked by ideal_clock1)
  Last common pin: clock
  Path Group: ideal_clock1
  Path Type: min

  Point                                                   Incr       Path
  ------------------------------------------------------------------------------
  clock ideal_clock1 (rise edge)                          0.00       0.00
  clock network delay (propagated)                        0.00       0.00
  pe_u/pe12/Rpipe_reg[7]/CK (SAEDRVT14_FDP_V2LP_0P5)      0.00       0.00 r
  pe_u/pe12/Rpipe_reg[7]/Q (SAEDRVT14_FDP_V2LP_0P5)       0.02 &     0.02 f
  pe_u/pe13/Rpipe_reg[7]/D (SAEDRVT14_FDP_V2LP_0P5)       0.00 &     0.02 f
  data arrival time                                                  0.02

  clock ideal_clock1 (rise edge)                          0.00       0.00
  clock network delay (propagated)                        0.01       0.01
  clock reconvergence pessimism                           0.00       0.01
  pe_u/pe13/Rpipe_reg[7]/CK (SAEDRVT14_FDP_V2LP_0P5)                 0.01 r
  library hold time                                       0.00       0.02
  data required time                                                 0.02
  ------------------------------------------------------------------------------
  data required time                                                 0.02
  data arrival time                                                 -0.02
  ------------------------------------------------------------------------------
  slack (MET)                                                        0.01


1
