 
****************************************
Report : design
Design : top
Version: O-2018.06-SP4
Date   : Wed Dec  3 15:59:22 2025
****************************************

Design allows ideal nets on clock nets.

Library(s) Used:

    saed14slvt_ff0p88v125c (File: /packages/process_kit/generic/generic_14nm/stdcell_slvt/db_ccs/saed14slvt_ff0p88v125c.db)
    saed14hvt_ff0p88v125c (File: /packages/process_kit/generic/generic_14nm/stdcell_hvt/db_ccs/saed14hvt_ff0p88v125c.db)
    saed14rvt_ff0p88v125c (File: /packages/process_kit/generic/generic_14nm/stdcell_rvt/db_ccs/saed14rvt_ff0p88v125c.db)
    saed14lvt_ff0p88v125c (File: /packages/process_kit/generic/generic_14nm/stdcell_lvt/db_ccs/saed14lvt_ff0p88v125c.db)

Local Link Library:

    {/packages/process_kit/generic/generic_14nm/stdcell_hvt/db_ccs/saed14hvt_ff0p88v125c.db, /packages/process_kit/generic/generic_14nm/stdcell_hvt/db_ccs/saed14hvt_ff0p88v25c.db, /packages/process_kit/generic/generic_14nm/stdcell_hvt/db_ccs/saed14hvt_ff0p88vm40c.db, /packages/process_kit/generic/generic_14nm/stdcell_lvt/db_ccs/saed14lvt_ff0p88v125c.db, /packages/process_kit/generic/generic_14nm/stdcell_lvt/db_ccs/saed14lvt_ff0p88v25c.db, /packages/process_kit/generic/generic_14nm/stdcell_lvt/db_ccs/saed14lvt_ff0p88vm40c.db, /packages/process_kit/generic/generic_14nm/stdcell_rvt/db_ccs/saed14rvt_ff0p88v125c.db, /packages/process_kit/generic/generic_14nm/stdcell_rvt/db_ccs/saed14rvt_ff0p88v25c.db, /packages/process_kit/generic/generic_14nm/stdcell_rvt/db_ccs/saed14rvt_ff0p88vm40c.db, /packages/process_kit/generic/generic_14nm/stdcell_slvt/db_ccs/saed14slvt_ff0p88v125c.db, /packages/process_kit/generic/generic_14nm/stdcell_slvt/db_ccs/saed14slvt_ff0p88v25c.db, /packages/process_kit/generic/generic_14nm/stdcell_slvt/db_ccs/saed14slvt_ff0p88vm40c.db}

Flip-Flop Types:

    No flip-flop types specified.

Latch Types:

    No latch types specified.

Operating Conditions:


    Operating Condition Name : ff0p88v125c
    Library : saed14hvt_ff0p88v125c
    Process :   1.00
    Temperature : 125.00
    Voltage :   0.88

Wire Loading Model:

    Selected automatically from the total cell area.

Name           :   8000
Location       :   saed14hvt_ff0p88v125c
Resistance     :   0.0015727
Capacitance    :   0.000312
Area           :   0.01
Slope          :   90.6464
Fanout   Length   Points Average Cap Std Deviation
--------------------------------------------------------------
     1    13.94
     2    31.80
     3    51.61
     4    73.61
     5    98.05
     6   125.17
     7   155.23
     8   188.46
     9   225.12
    10   265.45
    11   309.71
    12   358.13
    13   410.96
    14   468.46
    15   530.86
    16   598.42
    17   671.38
    18   749.98
    19   834.49
    20   925.13



Wire Loading Model Mode: top.

Timing Ranges:

    No timing ranges specified.

Pin Input Delays:

    None specified.

Pin Output Delays:

    None specified.

Disabled Timing Arcs:

    No arcs disabled.

Required Licenses:

    None Required

Design Parameters:

    None specified.
1
